# Logfile created on 2014-06-19 13:54:39 -0700 by logger.rb/41954
I, [2014-06-19T13:54:39.807405 #32386]  INFO -- : 0:  addressable (2.3.6) from /Users/danielsauble/.rvm/gems/ruby-2.0.0-p353/specifications/addressable-2.3.6.gemspec
I, [2014-06-19T13:54:39.807761 #32386]  INFO -- : 0:  blankslate (2.1.2.4) from /Users/danielsauble/.rvm/gems/ruby-2.0.0-p353/specifications/blankslate-2.1.2.4.gemspec
I, [2014-06-19T13:54:39.808045 #32386]  INFO -- : 0:  daemons (1.1.9) from /Users/danielsauble/.rvm/gems/ruby-2.0.0-p353/specifications/daemons-1.1.9.gemspec
I, [2014-06-19T13:54:39.808324 #32386]  INFO -- : 0:  eventmachine (1.0.3) from /Users/danielsauble/.rvm/gems/ruby-2.0.0-p353/specifications/eventmachine-1.0.3.gemspec
I, [2014-06-19T13:54:39.808607 #32386]  INFO -- : 0:  em-websocket (0.3.8) from /Users/danielsauble/.rvm/gems/ruby-2.0.0-p353/specifications/em-websocket-0.3.8.gemspec
I, [2014-06-19T13:54:40.116561 #32386]  INFO -- : 0:  excon (0.37.0) from /Users/danielsauble/.rvm/gems/ruby-2.0.0-p353/specifications/excon-0.37.0.gemspec
I, [2014-06-19T13:54:40.117077 #32386]  INFO -- : 0:  gli (2.11.0) from /Users/danielsauble/.rvm/gems/ruby-2.0.0-p353/specifications/gli-2.11.0.gemspec
I, [2014-06-19T13:54:40.220375 #32386]  INFO -- : 0:  multi_json (1.10.1) from /Users/danielsauble/.rvm/gems/ruby-2.0.0-p353/specifications/multi_json-1.10.1.gemspec
I, [2014-06-19T13:54:40.355050 #32386]  INFO -- : 0:  heroku-api (0.3.18) from /Users/danielsauble/.rvm/gems/ruby-2.0.0-p353/specifications/heroku-api-0.3.18.gemspec
I, [2014-06-19T13:54:40.471880 #32386]  INFO -- : 0:  launchy (2.4.2) from /Users/danielsauble/.rvm/gems/ruby-2.0.0-p353/specifications/launchy-2.4.2.gemspec
I, [2014-06-19T13:54:40.539178 #32386]  INFO -- : 0:  netrc (0.7.7) from /Users/danielsauble/.rvm/gems/ruby-2.0.0-p353/specifications/netrc-0.7.7.gemspec
I, [2014-06-19T13:54:40.748436 #32386]  INFO -- : 0:  mime-types (2.3) from /Users/danielsauble/.rvm/gems/ruby-2.0.0-p353/specifications/mime-types-2.3.gemspec
I, [2014-06-19T13:54:41.176417 #32386]  INFO -- : 0:  rest-client (1.6.7) from /Users/danielsauble/.rvm/gems/ruby-2.0.0-p353/specifications/rest-client-1.6.7.gemspec
I, [2014-06-19T13:54:41.275871 #32386]  INFO -- : 0:  rubyzip (1.1.4) from /Users/danielsauble/.rvm/gems/ruby-2.0.0-p353/specifications/rubyzip-1.1.4.gemspec
I, [2014-06-19T13:54:41.540904 #32386]  INFO -- : 0:  heroku (3.8.4) from /Users/danielsauble/.rvm/gems/ruby-2.0.0-p353/specifications/heroku-3.8.4.gemspec
I, [2014-06-19T13:54:41.541286 #32386]  INFO -- : 0:  htmlentities (4.3.2) from /Users/danielsauble/.rvm/gems/ruby-2.0.0-p353/specifications/htmlentities-4.3.2.gemspec
I, [2014-06-19T13:54:42.645533 #32386]  INFO -- : 0:  json (1.8.1) from /Users/danielsauble/.rvm/gems/ruby-2.0.0-p353/specifications/json-1.8.1.gemspec
I, [2014-06-19T13:54:42.646051 #32386]  INFO -- : 0:  mini_portile (0.6.0) from /Users/danielsauble/.rvm/gems/ruby-2.0.0-p353/specifications/mini_portile-0.6.0.gemspec
I, [2014-06-19T13:54:42.646362 #32386]  INFO -- : 0:  nokogiri (1.6.2.1) from /Users/danielsauble/.rvm/gems/ruby-2.0.0-p353/specifications/nokogiri-1.6.2.1.gemspec
I, [2014-06-19T13:54:42.646676 #32386]  INFO -- : 0:  parslet (1.6.1) from /Users/danielsauble/.rvm/gems/ruby-2.0.0-p353/specifications/parslet-1.6.1.gemspec
I, [2014-06-19T13:54:42.646965 #32386]  INFO -- : 0:  rack (1.5.2) from /Users/danielsauble/.rvm/gems/ruby-2.0.0-p353/specifications/rack-1.5.2.gemspec
I, [2014-06-19T13:54:42.647244 #32386]  INFO -- : 0:  rack-protection (1.5.3) from /Users/danielsauble/.rvm/gems/ruby-2.0.0-p353/specifications/rack-protection-1.5.3.gemspec
I, [2014-06-19T13:54:42.647526 #32386]  INFO -- : 0:  redcarpet (3.1.2) from /Users/danielsauble/.rvm/gems/ruby-2.0.0-p353/specifications/redcarpet-3.1.2.gemspec
I, [2014-06-19T13:54:42.647796 #32386]  INFO -- : 0:  tilt (1.4.1) from /Users/danielsauble/.rvm/gems/ruby-2.0.0-p353/specifications/tilt-1.4.1.gemspec
I, [2014-06-19T13:54:42.648071 #32386]  INFO -- : 0:  sinatra (1.4.5) from /Users/danielsauble/.rvm/gems/ruby-2.0.0-p353/specifications/sinatra-1.4.5.gemspec
I, [2014-06-19T13:54:42.648341 #32386]  INFO -- : 0:  thin (1.6.2) from /Users/danielsauble/.rvm/gems/ruby-2.0.0-p353/specifications/thin-1.6.2.gemspec
I, [2014-06-19T13:54:42.648631 #32386]  INFO -- : 0:  sinatra-websocket (0.3.0) from /Users/danielsauble/.rvm/gems/ruby-2.0.0-p353/specifications/sinatra-websocket-0.3.0.gemspec
I, [2014-06-19T13:54:42.648905 #32386]  INFO -- : 0:  showoff (0.9.8.1) from /Users/danielsauble/.rvm/gems/ruby-2.0.0-p353/specifications/showoff-0.9.8.1.gemspec
I, [2014-06-19T13:54:42.649165 #32386]  INFO -- : 0:  bundler (1.5.1) from /Users/danielsauble/.rvm/gems/ruby-2.0.0-p353@global/specifications/bundler-1.5.1.gemspec
